{"C:\\Users\\User\\Marcos\\Projetos\\FRONT-END\\atividade2.1\\funcao.js": {"path":"C:\\Users\\User\\Marcos\\Projetos\\FRONT-END\\atividade2.1\\funcao.js","statementMap":{"0":{"start":{"line":6,"column":22},"end":{"line":6,"column":45}},"1":{"start":{"line":7,"column":23},"end":{"line":7,"column":24}},"2":{"start":{"line":9,"column":4},"end":{"line":9,"column":102}},"3":{"start":{"line":10,"column":4},"end":{"line":10,"column":35}},"4":{"start":{"line":11,"column":4},"end":{"line":11,"column":88}},"5":{"start":{"line":12,"column":4},"end":{"line":12,"column":23}},"6":{"start":{"line":15,"column":0},"end":{"line":15,"column":43}}},"fnMap":{"0":{"name":"calcularGastoCombustível","decl":{"start":{"line":4,"column":9},"end":{"line":4,"column":33}},"loc":{"start":{"line":4,"column":71},"end":{"line":13,"column":1}},"line":4}},"branchMap":{"0":{"loc":{"start":{"line":9,"column":4},"end":{"line":9,"column":102}},"type":"cond-expr","locations":[{"start":{"line":9,"column":37},"end":{"line":9,"column":68}},{"start":{"line":9,"column":71},"end":{"line":9,"column":102}}],"line":9}},"s":{"0":2,"1":2,"2":2,"3":2,"4":2,"5":2,"6":1},"f":{"0":2},"b":{"0":[1,1]},"_coverageSchema":"1a1c01bbd47fc00a2c39e90264f33305004495a9","hash":"8fe2d5d321bb6d2031606a31ac964340d7a1e827"}
}
